Time resolution is 1 ps
WARNING: This core is supplied with a behavioral model. To model cycle-accurate behavior you must run timing simulation.
WARNING: File digits_hex.txt referenced on C:/Users/iresh/OneDrive/Desktop/sem2/528 asic/ECE-428-Project/Verilog/project_1/project_1.ip_user_files/ipstatic/dist_mem_gen_v8_0_10/simulation/dist_mem_gen_v8_0.v at line 361 cannot be opened for reading. Please ensure that this file is available in the current working directory or parent directory of xsim.dir location specified via -xsimdir switch.
WARNING: File weights_hex.txt referenced on C:/Users/iresh/OneDrive/Desktop/sem2/528 asic/ECE-428-Project/Verilog/project_1/project_1.ip_user_files/ipstatic/dist_mem_gen_v8_0_10/simulation/dist_mem_gen_v8_0.v at line 361 cannot be opened for reading. Please ensure that this file is available in the current working directory or parent directory of xsim.dir location specified via -xsimdir switch.
WARNING in ACC_MAC_SIG_tb.uut.ACC_MAC_SIG_i.sigmoid_0.inst.u2.inst at time               382000 ns: 
Reading from out-of-range address. Max address in ACC_MAC_SIG_tb.uut.ACC_MAC_SIG_i.sigmoid_0.inst.u2.inst is         511
WARNING: This core is supplied with a behavioral model. To model cycle-accurate behavior you must run timing simulation.
$finish called at time : 1862 ns : File "C:/Users/iresh/OneDrive/Desktop/sem2/528 asic/ECE-428-Project/Verilog/project_1/project_1.srcs/sim_1/new/ACC_MAC_SIG_tb.v" Line 76
WARNING in ACC_MAC_SIG_tb.uut.ACC_MAC_SIG_i.sigmoid_0.inst.u2.inst at time              1982000 ns: 
Reading from out-of-range address. Max address in ACC_MAC_SIG_tb.uut.ACC_MAC_SIG_i.sigmoid_0.inst.u2.inst is         511
WARNING: File descriptor (-20000) passed to $fdisplay is not valid. Please compile the design with -debug for source location information.
WARNING: File descriptor (-20000) passed to $fdisplay is not valid. Please compile the design with -debug for source location information.
WARNING: File descriptor (-20000) passed to $fdisplay is not valid. Please compile the design with -debug for source location information.
WARNING: File descriptor (-20000) passed to $fdisplay is not valid. Please compile the design with -debug for source location information.
WARNING: File descriptor (-20000) passed to $fdisplay is not valid. Please compile the design with -debug for source location information.
WARNING: File descriptor (-20000) passed to $fdisplay is not valid. Please compile the design with -debug for source location information.
WARNING: File descriptor (-20000) passed to $fdisplay is not valid. Please compile the design with -debug for source location information.
WARNING: File descriptor (-20000) passed to $fdisplay is not valid. Please compile the design with -debug for source location information.
WARNING: File descriptor (-20000) passed to $fdisplay is not valid. Please compile the design with -debug for source location information.
WARNING: File descriptor (-20000) passed to $fdisplay is not valid. Please compile the design with -debug for source location information.
WARNING: File descriptor (-20000) passed to $fdisplay is not valid. Please compile the design with -debug for source location information.
WARNING: File descriptor (-20000) passed to $fdisplay is not valid. Please compile the design with -debug for source location information.
WARNING: File descriptor (-20000) passed to $fdisplay is not valid. Please compile the design with -debug for source location information.
WARNING: File descriptor (-20000) passed to $fdisplay is not valid. Please compile the design with -debug for source location information.
WARNING: File descriptor (-20000) passed to $fdisplay is not valid. Please compile the design with -debug for source location information.
WARNING: File descriptor (-20000) passed to $fdisplay is not valid. Please compile the design with -debug for source location information.
WARNING: File descriptor (-20000) passed to $fdisplay is not valid. Please compile the design with -debug for source location information.
WARNING: File descriptor (-20000) passed to $fdisplay is not valid. Please compile the design with -debug for source location information.
WARNING: File descriptor (-20000) passed to $fdisplay is not valid. Please compile the design with -debug for source location information.
WARNING: File descriptor (-20000) passed to $fdisplay is not valid. Please compile the design with -debug for source location information.
WARNING: File descriptor (-20000) passed to $fdisplay is not valid. Please compile the design with -debug for source location information.
WARNING: File descriptor (-20000) passed to $fdisplay is not valid. Please compile the design with -debug for source location information.
WARNING: File descriptor (-20000) passed to $fdisplay is not valid. Please compile the design with -debug for source location information.
WARNING: File descriptor (-20000) passed to $fdisplay is not valid. Please compile the design with -debug for source location information.
WARNING: File descriptor (-20000) passed to $fdisplay is not valid. Please compile the design with -debug for source location information.
WARNING: File descriptor (-20000) passed to $fdisplay is not valid. Please compile the design with -debug for source location information.
WARNING: File descriptor (-20000) passed to $fdisplay is not valid. Please compile the design with -debug for source location information.
WARNING: File descriptor (-20000) passed to $fdisplay is not valid. Please compile the design with -debug for source location information.
WARNING: File descriptor (-20000) passed to $fdisplay is not valid. Please compile the design with -debug for source location information.
WARNING: File descriptor (-20000) passed to $fdisplay is not valid. Please compile the design with -debug for source location information.
WARNING: File descriptor (-20000) passed to $fdisplay is not valid. Please compile the design with -debug for source location information.
WARNING: File descriptor (-20000) passed to $fdisplay is not valid. Please compile the design with -debug for source location information.
WARNING: File descriptor (-20000) passed to $fdisplay is not valid. Please compile the design with -debug for source location information.
WARNING: File descriptor (-20000) passed to $fdisplay is not valid. Please compile the design with -debug for source location information.
WARNING: File descriptor (-20000) passed to $fdisplay is not valid. Please compile the design with -debug for source location information.
WARNING: File descriptor (-20000) passed to $fdisplay is not valid. Please compile the design with -debug for source location information.
WARNING: File descriptor (-20000) passed to $fdisplay is not valid. Please compile the design with -debug for source location information.
WARNING: File descriptor (-20000) passed to $fdisplay is not valid. Please compile the design with -debug for source location information.
WARNING: File descriptor (-20000) passed to $fdisplay is not valid. Please compile the design with -debug for source location information.
WARNING: File descriptor (-20000) passed to $fdisplay is not valid. Please compile the design with -debug for source location information.
WARNING: File descriptor (-20000) passed to $fdisplay is not valid. Please compile the design with -debug for source location information.
WARNING: File descriptor (-20000) passed to $fdisplay is not valid. Please compile the design with -debug for source location information.
WARNING: File descriptor (-20000) passed to $fdisplay is not valid. Please compile the design with -debug for source location information.
WARNING: File descriptor (-20000) passed to $fdisplay is not valid. Please compile the design with -debug for source location information.
WARNING: File descriptor (-20000) passed to $fdisplay is not valid. Please compile the design with -debug for source location information.
WARNING: File descriptor (-20000) passed to $fdisplay is not valid. Please compile the design with -debug for source location information.
WARNING: File descriptor (-20000) passed to $fdisplay is not valid. Please compile the design with -debug for source location information.
WARNING: File descriptor (-20000) passed to $fdisplay is not valid. Please compile the design with -debug for source location information.
WARNING: File descriptor (-20000) passed to $fdisplay is not valid. Please compile the design with -debug for source location information.
WARNING: File descriptor (-20000) passed to $fdisplay is not valid. Please compile the design with -debug for source location information.
WARNING: File descriptor (-20000) passed to $fdisplay is not valid. Please compile the design with -debug for source location information.
WARNING: File descriptor (-20000) passed to $fdisplay is not valid. Please compile the design with -debug for source location information.
WARNING: File descriptor (-20000) passed to $fdisplay is not valid. Please compile the design with -debug for source location information.
WARNING: File descriptor (-20000) passed to $fdisplay is not valid. Please compile the design with -debug for source location information.
WARNING: File descriptor (-20000) passed to $fdisplay is not valid. Please compile the design with -debug for source location information.
WARNING: File descriptor (-20000) passed to $fdisplay is not valid. Please compile the design with -debug for source location information.
WARNING: File descriptor (-20000) passed to $fdisplay is not valid. Please compile the design with -debug for source location information.
WARNING: File descriptor (-20000) passed to $fdisplay is not valid. Please compile the design with -debug for source location information.
WARNING: File descriptor (-20000) passed to $fdisplay is not valid. Please compile the design with -debug for source location information.
WARNING: File descriptor (-20000) passed to $fdisplay is not valid. Please compile the design with -debug for source location information.
WARNING: File descriptor (-20000) passed to $fdisplay is not valid. Please compile the design with -debug for source location information.
WARNING: File descriptor (-20000) passed to $fdisplay is not valid. Please compile the design with -debug for source location information.
WARNING: File/Multi-channel descriptor (-20000) passed to $fclose in file C:/Users/iresh/OneDrive/Desktop/sem2/528 asic/ECE-428-Project/Verilog/project_1/project_1.ip_user_files/bd/ACC_unit/sim/ACC_unit.v at line 35 is not valid.
WARNING: File/Multi-channel descriptor (-19999) passed to $fclose in file C:/Users/iresh/OneDrive/Desktop/sem2/528 asic/ECE-428-Project/Verilog/project_1/project_1.ip_user_files/bd/ACC_unit/sim/ACC_unit.v at line 35 is not valid.
$finish called at time : 12102 ns : File "C:/Users/iresh/OneDrive/Desktop/sem2/528 asic/ECE-428-Project/Verilog/project_1/project_1.srcs/sim_1/new/ACC_MAC_SIG_tb.v" Line 76
